<?xml version="1.0" encoding="UTF-8"?>
<!-- Generated by org.testng.reporters.JUnitXMLReporter -->
<testsuite ignored="0" hostname="RamiReddy" failures="0" tests="3" name="Test" time="4.248" errors="0" timestamp="2024-01-22T12:06:28 IST">
  <testcase classname="testNG_Package.Cross_browsing" name="run" time="1.241"/>
  <testcase classname="testNG_Package.Exp_TestNG1$Exp_Testng" name="login" time="0.001"/>
  <testcase classname="testNG_Package.Exp_TestNG1$Exp_Testng" name="logout" time="0.0"/>
</testsuite> <!-- Test -->
