<?xml version="1.0" encoding="UTF-8"?>
<testng-results ignored="0" total="3" passed="3" failed="0" skipped="0">
  <reporter-output>
  </reporter-output>
  <suite started-at="2024-01-22T12:06:23 IST" name="Suite" finished-at="2024-01-22T12:06:28 IST" duration-ms="4248">
    <groups>
    </groups>
    <test started-at="2024-01-22T12:06:23 IST" name="Test" finished-at="2024-01-22T12:06:28 IST" duration-ms="4248">
      <class name="testNG_Package.Cross_browsing">
        <test-method is-config="true" signature="setup(java.lang.String)[pri:0, instance:testNG_Package.Cross_browsing@52b1beb6]" started-at="2024-01-22T12:06:23 IST" name="setup" finished-at="2024-01-22T12:06:26 IST" duration-ms="2980" status="PASS">
          <params>
            <param index="0">
              <value>
                <![CDATA[chrome]]>
              </value>
            </param>
          </params>
          <reporter-output>
          </reporter-output>
        </test-method> <!-- setup -->
        <test-method signature="run()[pri:0, instance:testNG_Package.Cross_browsing@52b1beb6]" started-at="2024-01-22T12:06:26 IST" name="run" finished-at="2024-01-22T12:06:28 IST" duration-ms="1241" status="PASS">
          <reporter-output>
          </reporter-output>
        </test-method> <!-- run -->
      </class> <!-- testNG_Package.Cross_browsing -->
      <class name="testNG_Package.Exp_TestNG1$Exp_Testng">
        <test-method signature="login()[pri:0, instance:testNG_Package.Exp_TestNG1$Exp_Testng@3f6f6701]" started-at="2024-01-22T12:06:28 IST" name="login" finished-at="2024-01-22T12:06:28 IST" duration-ms="1" status="PASS">
          <reporter-output>
          </reporter-output>
        </test-method> <!-- login -->
        <test-method signature="logout()[pri:0, instance:testNG_Package.Exp_TestNG1$Exp_Testng@3f6f6701]" started-at="2024-01-22T12:06:28 IST" name="logout" finished-at="2024-01-22T12:06:28 IST" duration-ms="0" status="PASS">
          <reporter-output>
          </reporter-output>
        </test-method> <!-- logout -->
      </class> <!-- testNG_Package.Exp_TestNG1$Exp_Testng -->
    </test> <!-- Test -->
  </suite> <!-- Suite -->
</testng-results>
